0 info it worked if it ends with ok
1 verbose cli [ 'C:\\Program Files\\nodejs\\node.exe',
1 verbose cli   'C:\\Program Files\\nodejs\\node_modules\\npm\\bin\\npm-cli.js',
1 verbose cli   'run-script',
1 verbose cli   'build' ]
2 info using npm@4.1.2
3 info using node@v7.5.0
4 verbose run-script [ 'prebuild', 'build', 'postbuild' ]
5 info lifecycle codemirror@5.27.4~prebuild: codemirror@5.27.4
6 silly lifecycle codemirror@5.27.4~prebuild: no script for prebuild, continuing
7 info lifecycle codemirror@5.27.4~build: codemirror@5.27.4
8 verbose lifecycle codemirror@5.27.4~build: unsafe-perm in lifecycle true
9 verbose lifecycle codemirror@5.27.4~build: PATH: C:\Program Files\nodejs\node_modules\npm\bin\node-gyp-bin;C:\dev\electron-quick-start\codemirror\node_modules\.bin;C:\Program Files\nodejs\node_modules\npm\bin\node-gyp-bin;C:\dev\electron-quick-start\codemirror\node_modules\.bin;C:\ProgramData\Oracle\Java\javapath;C:\Program Files\Python36\Scripts\;C:\Program Files\Python36\;C:\WINDOWS\system32;C:\WINDOWS;C:\WINDOWS\System32\Wbem;C:\WINDOWS\System32\WindowsPowerShell\v1.0\;C:\Program Files\Git\cmd;C:\ProgramData\chocolatey\bin;;C:\Program Files (x86)\Gow\bin;C:\Program Files\nodejs\;C:\Program Files (x86)\WinMerge;C:\Users\caleb\AppData\Local\Microsoft\WindowsApps;;C:\Program Files (x86)\Microsoft VS Code\bin;C:\Users\caleb\AppData\Roaming\npm;C:\Program Files\Heroku\bin
10 verbose lifecycle codemirror@5.27.4~build: CWD: C:\dev\electron-quick-start\codemirror
11 silly lifecycle codemirror@5.27.4~build: Args: [ '/d /s /c', 'rollup -c' ]
12 silly lifecycle codemirror@5.27.4~build: Returned: code: 1  signal: null
13 info lifecycle codemirror@5.27.4~build: Failed to exec build script
14 verbose stack Error: codemirror@5.27.4 build: `rollup -c`
14 verbose stack Exit status 1
14 verbose stack     at EventEmitter.<anonymous> (C:\Program Files\nodejs\node_modules\npm\lib\utils\lifecycle.js:279:16)
14 verbose stack     at emitTwo (events.js:106:13)
14 verbose stack     at EventEmitter.emit (events.js:192:7)
14 verbose stack     at ChildProcess.<anonymous> (C:\Program Files\nodejs\node_modules\npm\lib\utils\spawn.js:40:14)
14 verbose stack     at emitTwo (events.js:106:13)
14 verbose stack     at ChildProcess.emit (events.js:192:7)
14 verbose stack     at maybeClose (internal/child_process.js:890:16)
14 verbose stack     at Process.ChildProcess._handle.onexit (internal/child_process.js:226:5)
15 verbose pkgid codemirror@5.27.4
16 verbose cwd C:\dev\electron-quick-start\codemirror
17 error Windows_NT 10.0.14393
18 error argv "C:\\Program Files\\nodejs\\node.exe" "C:\\Program Files\\nodejs\\node_modules\\npm\\bin\\npm-cli.js" "run-script" "build"
19 error node v7.5.0
20 error npm  v4.1.2
21 error code ELIFECYCLE
22 error codemirror@5.27.4 build: `rollup -c`
22 error Exit status 1
23 error Failed at the codemirror@5.27.4 build script 'rollup -c'.
23 error Make sure you have the latest version of node.js and npm installed.
23 error If you do, this is most likely a problem with the codemirror package,
23 error not with npm itself.
23 error Tell the author that this fails on your system:
23 error     rollup -c
23 error You can get information on how to open an issue for this project with:
23 error     npm bugs codemirror
23 error Or if that isn't available, you can get their info via:
23 error     npm owner ls codemirror
23 error There is likely additional logging output above.
24 verbose exit [ 1, true ]
